

*******************************************************************************
Mon Aug 15 19:11:43 2022


FIT:    data read from 'bd_diffusion_vs_time_T0.75_11.dat' u 1:3
        format = x:z
        x range restricted to [9.00000 : 10.0000]
        #datapoints = 1001
        residuals are weighted equally (unit weight)

function used for fitting: f(x)
	f(x)=a*(x**b)
fitted parameters initialized with current variable values

iter      chisq       delta/lim  lambda   a             b            
   0 8.4269937150e+06   0.00e+00  1.66e+01    1.000000e+00   1.000000e+00
  20 4.9511144053e-01  -4.72e-02  1.66e-03    6.282794e+00   1.234406e+00

After 20 iterations the fit converged.
final sum of squares of residuals : 0.495111
rel. change during last iteration : -4.71559e-07

degrees of freedom    (FIT_NDF)                        : 999
rms of residuals      (FIT_STDFIT) = sqrt(WSSR/ndf)    : 0.0222622
variance of residuals (reduced chisquare) = WSSR/ndf   : 0.000495607

Final set of parameters            Asymptotic Standard Error
=======================            ==========================
a               = 6.28279          +/- 0.003238     (0.05153%)
b               = 1.23441          +/- 0.0002284    (0.0185%)

correlation matrix of the fit parameters:
                a      b      
a               1.000 
b              -1.000  1.000 


*******************************************************************************
Mon Aug 15 19:12:24 2022


FIT:    data read from 'bd_diffusion_vs_time_T0.75_11.dat' u 1:3
        format = x:z
        x range restricted to [9.00000 : 10.0000]
        #datapoints = 1001
        residuals are weighted equally (unit weight)

function used for fitting: f(x)
	f(x)=a*x+b
fitted parameters initialized with current variable values

iter      chisq       delta/lim  lambda   a             b            
   0 1.6268039820e+06   0.00e+00  4.22e+01    6.282794e+00   1.234406e+00
   6 6.4498424828e-01  -2.82e-09  4.22e-05    1.314538e+01  -2.369550e+01

After 6 iterations the fit converged.
final sum of squares of residuals : 0.644984
rel. change during last iteration : -2.82296e-14

degrees of freedom    (FIT_NDF)                        : 999
rms of residuals      (FIT_STDFIT) = sqrt(WSSR/ndf)    : 0.0254092
variance of residuals (reduced chisquare) = WSSR/ndf   : 0.00064563

Final set of parameters            Asymptotic Standard Error
=======================            ==========================
a               = 13.1454          +/- 0.002779     (0.02114%)
b               = -23.6955         +/- 0.02642      (0.1115%)

correlation matrix of the fit parameters:
                a      b      
a               1.000 
b              -1.000  1.000 


*******************************************************************************
Mon Aug 15 19:14:15 2022


FIT:    data read from 'bd_diffusion_vs_time_T0.75_11.dat' u 1:3
        format = x:z
        x range restricted to [9.50000 : 10.0000]
        #datapoints = 501
        residuals are weighted equally (unit weight)

function used for fitting: f(x)
	f(x)=a*x+b
fitted parameters initialized with current variable values

iter      chisq       delta/lim  lambda   a             b            
   0 4.9138388929e-01   0.00e+00  9.22e+01    1.314538e+01  -2.369550e+01
   5 4.2265740137e-01  -2.20e-08  9.22e-04    1.322637e+01  -2.448502e+01

After 5 iterations the fit converged.
final sum of squares of residuals : 0.422657
rel. change during last iteration : -2.1986e-13

degrees of freedom    (FIT_NDF)                        : 499
rms of residuals      (FIT_STDFIT) = sqrt(WSSR/ndf)    : 0.0291034
variance of residuals (reduced chisquare) = WSSR/ndf   : 0.000847009

Final set of parameters            Asymptotic Standard Error
=======================            ==========================
a               = 13.2264          +/- 0.00899      (0.06797%)
b               = -24.485          +/- 0.08767      (0.358%)

correlation matrix of the fit parameters:
                a      b      
a               1.000 
b              -1.000  1.000 


*******************************************************************************
Mon Aug 15 19:14:28 2022


FIT:    data read from 'bd_diffusion_vs_time_T0.75_12.dat' u 1:3
        format = x:z
        x range restricted to [9.00000 : 10.0000]
        #datapoints = 1001
        residuals are weighted equally (unit weight)

function used for fitting: f(x)
	f(x)=a*x+b
fitted parameters initialized with current variable values

iter      chisq       delta/lim  lambda   a             b            
   0 1.5483106649e+05   0.00e+00  9.06e+01    1.322637e+01  -2.448502e+01
   4 1.8030455909e-01  -1.32e-01  9.06e-03    1.168691e+01  -2.228912e+01

After 4 iterations the fit converged.
final sum of squares of residuals : 0.180305
rel. change during last iteration : -1.31981e-06

degrees of freedom    (FIT_NDF)                        : 999
rms of residuals      (FIT_STDFIT) = sqrt(WSSR/ndf)    : 0.0134345
variance of residuals (reduced chisquare) = WSSR/ndf   : 0.000180485

Final set of parameters            Asymptotic Standard Error
=======================            ==========================
a               = 11.6869          +/- 0.001469     (0.01257%)
b               = -22.2891         +/- 0.01397      (0.06266%)

correlation matrix of the fit parameters:
                a      b      
a               1.000 
b              -1.000  1.000 


*******************************************************************************
Mon Aug 15 19:14:43 2022


FIT:    data read from 'bd_diffusion_vs_time_T0.75_13.dat' u 1:3
        format = x:z
        x range restricted to [9.00000 : 10.0000]
        #datapoints = 1001
        residuals are weighted equally (unit weight)

function used for fitting: f(x)
	f(x)=a*x+b
fitted parameters initialized with current variable values

iter      chisq       delta/lim  lambda   a             b            
   0 1.1398453616e+05   0.00e+00  8.01e+01    1.168691e+01  -2.228912e+01
   4 5.5535965903e-01  -2.12e-02  8.01e-03    1.298437e+01  -2.395058e+01

After 4 iterations the fit converged.
final sum of squares of residuals : 0.55536
rel. change during last iteration : -2.12184e-07

degrees of freedom    (FIT_NDF)                        : 999
rms of residuals      (FIT_STDFIT) = sqrt(WSSR/ndf)    : 0.0235779
variance of residuals (reduced chisquare) = WSSR/ndf   : 0.000555916

Final set of parameters            Asymptotic Standard Error
=======================            ==========================
a               = 12.9844          +/- 0.002579     (0.01986%)
b               = -23.9506         +/- 0.02451      (0.1023%)

correlation matrix of the fit parameters:
                a      b      
a               1.000 
b              -1.000  1.000 


*******************************************************************************
Mon Aug 15 19:15:01 2022


FIT:    data read from 'bd_diffusion_vs_time_T0.75_14.dat' u 1:3
        format = x:z
        x range restricted to [9.00000 : 10.0000]
        #datapoints = 1001
        residuals are weighted equally (unit weight)

function used for fitting: f(x)
	f(x)=a*x+b
fitted parameters initialized with current variable values

iter      chisq       delta/lim  lambda   a             b            
   0 4.1059762988e+03   0.00e+00  8.89e+01    1.298437e+01  -2.395058e+01
   4 4.4798160712e-01  -2.66e-04  8.89e-03    1.279848e+01  -2.420913e+01

After 4 iterations the fit converged.
final sum of squares of residuals : 0.447982
rel. change during last iteration : -2.65771e-09

degrees of freedom    (FIT_NDF)                        : 999
rms of residuals      (FIT_STDFIT) = sqrt(WSSR/ndf)    : 0.0211762
variance of residuals (reduced chisquare) = WSSR/ndf   : 0.00044843

Final set of parameters            Asymptotic Standard Error
=======================            ==========================
a               = 12.7985          +/- 0.002316     (0.0181%)
b               = -24.2091         +/- 0.02201      (0.09094%)

correlation matrix of the fit parameters:
                a      b      
a               1.000 
b              -1.000  1.000 


*******************************************************************************
Mon Aug 15 19:15:23 2022


FIT:    data read from 'bd_diffusion_vs_time_T0.75_15.dat' u 1:3
        format = x:z
        x range restricted to [9.00000 : 10.0000]
        #datapoints = 1001
        residuals are weighted equally (unit weight)

function used for fitting: f(x)
	f(x)=a*x+b
fitted parameters initialized with current variable values

iter      chisq       delta/lim  lambda   a             b            
   0 1.0401752193e+03   0.00e+00  8.77e+01    1.279848e+01  -2.420913e+01
   4 5.2222135712e-01  -1.51e-03  8.77e-03    1.295642e+01  -2.469146e+01

After 4 iterations the fit converged.
final sum of squares of residuals : 0.522221
rel. change during last iteration : -1.51044e-08

degrees of freedom    (FIT_NDF)                        : 999
rms of residuals      (FIT_STDFIT) = sqrt(WSSR/ndf)    : 0.0228636
variance of residuals (reduced chisquare) = WSSR/ndf   : 0.000522744

Final set of parameters            Asymptotic Standard Error
=======================            ==========================
a               = 12.9564          +/- 0.002501     (0.0193%)
b               = -24.6915         +/- 0.02377      (0.09626%)

correlation matrix of the fit parameters:
                a      b      
a               1.000 
b              -1.000  1.000 


*******************************************************************************
Mon Aug 15 19:15:35 2022


FIT:    data read from 'bd_diffusion_vs_time_T0.75_16.dat' u 1:3
        format = x:z
        x range restricted to [9.00000 : 10.0000]
        #datapoints = 1001
        residuals are weighted equally (unit weight)

function used for fitting: f(x)
	f(x)=a*x+b
fitted parameters initialized with current variable values

iter      chisq       delta/lim  lambda   a             b            
   0 1.5359005208e+02   0.00e+00  8.88e+01    1.295642e+01  -2.469146e+01
   4 5.4332259700e-01  -1.23e-04  8.88e-03    1.297960e+01  -2.452070e+01

After 4 iterations the fit converged.
final sum of squares of residuals : 0.543323
rel. change during last iteration : -1.22778e-09

degrees of freedom    (FIT_NDF)                        : 999
rms of residuals      (FIT_STDFIT) = sqrt(WSSR/ndf)    : 0.0233209
variance of residuals (reduced chisquare) = WSSR/ndf   : 0.000543866

Final set of parameters            Asymptotic Standard Error
=======================            ==========================
a               = 12.9796          +/- 0.002551     (0.01965%)
b               = -24.5207         +/- 0.02424      (0.09887%)

correlation matrix of the fit parameters:
                a      b      
a               1.000 
b              -1.000  1.000 


*******************************************************************************
Mon Aug 15 19:15:47 2022


FIT:    data read from 'bd_diffusion_vs_time_T0.75_17.dat' u 1:3
        format = x:z
        x range restricted to [9.00000 : 10.0000]
        #datapoints = 1001
        residuals are weighted equally (unit weight)

function used for fitting: f(x)
	f(x)=a*x+b
fitted parameters initialized with current variable values

iter      chisq       delta/lim  lambda   a             b            
   0 1.4489256325e+04   0.00e+00  8.89e+01    1.297960e+01  -2.452070e+01
   4 8.4342835511e-01  -2.88e-02  8.89e-03    1.366722e+01  -2.725385e+01

After 4 iterations the fit converged.
final sum of squares of residuals : 0.843428
rel. change during last iteration : -2.87743e-07

degrees of freedom    (FIT_NDF)                        : 999
rms of residuals      (FIT_STDFIT) = sqrt(WSSR/ndf)    : 0.0290564
variance of residuals (reduced chisquare) = WSSR/ndf   : 0.000844273

Final set of parameters            Asymptotic Standard Error
=======================            ==========================
a               = 13.6672          +/- 0.003178     (0.02325%)
b               = -27.2538         +/- 0.03021      (0.1108%)

correlation matrix of the fit parameters:
                a      b      
a               1.000 
b              -1.000  1.000 


*******************************************************************************
Mon Aug 15 19:15:57 2022


FIT:    data read from 'bd_diffusion_vs_time_T0.75_18.dat' u 1:3
        format = x:z
        x range restricted to [9.00000 : 10.0000]
        #datapoints = 1001
        residuals are weighted equally (unit weight)

function used for fitting: f(x)
	f(x)=a*x+b
fitted parameters initialized with current variable values

iter      chisq       delta/lim  lambda   a             b            
   0 3.1823656937e+00   0.00e+00  9.39e+01    1.366722e+01  -2.725385e+01
   4 8.3549919555e-01  -1.58e-04  9.39e-03    1.364499e+01  -2.699461e+01

After 4 iterations the fit converged.
final sum of squares of residuals : 0.835499
rel. change during last iteration : -1.5774e-09

degrees of freedom    (FIT_NDF)                        : 999
rms of residuals      (FIT_STDFIT) = sqrt(WSSR/ndf)    : 0.0289195
variance of residuals (reduced chisquare) = WSSR/ndf   : 0.000836336

Final set of parameters            Asymptotic Standard Error
=======================            ==========================
a               = 13.645           +/- 0.003163     (0.02318%)
b               = -26.9946         +/- 0.03006      (0.1114%)

correlation matrix of the fit parameters:
                a      b      
a               1.000 
b              -1.000  1.000 


*******************************************************************************
Mon Aug 15 19:16:10 2022


FIT:    data read from 'bd_diffusion_vs_time_T0.75_19.dat' u 1:3
        format = x:z
        x range restricted to [9.00000 : 10.0000]
        #datapoints = 1001
        residuals are weighted equally (unit weight)

function used for fitting: f(x)
	f(x)=a*x+b
fitted parameters initialized with current variable values

iter      chisq       delta/lim  lambda   a             b            
   0 4.6862922415e+03   0.00e+00  9.37e+01    1.364499e+01  -2.699461e+01
   4 9.7325831366e-01  -4.92e-03  9.37e-03    1.402161e+01  -2.841181e+01

After 4 iterations the fit converged.
final sum of squares of residuals : 0.973258
rel. change during last iteration : -4.91856e-08

degrees of freedom    (FIT_NDF)                        : 999
rms of residuals      (FIT_STDFIT) = sqrt(WSSR/ndf)    : 0.0312127
variance of residuals (reduced chisquare) = WSSR/ndf   : 0.000974233

Final set of parameters            Asymptotic Standard Error
=======================            ==========================
a               = 14.0216          +/- 0.003414     (0.02435%)
b               = -28.4118         +/- 0.03245      (0.1142%)

correlation matrix of the fit parameters:
                a      b      
a               1.000 
b              -1.000  1.000 


*******************************************************************************
Mon Aug 15 19:16:21 2022


FIT:    data read from 'bd_diffusion_vs_time_T0.75_20.dat' u 1:3
        format = x:z
        x range restricted to [9.00000 : 10.0000]
        #datapoints = 1001
        residuals are weighted equally (unit weight)

function used for fitting: f(x)
	f(x)=a*x+b
fitted parameters initialized with current variable values

iter      chisq       delta/lim  lambda   a             b            
   0 3.5267636655e+03   0.00e+00  9.64e+01    1.402161e+01  -2.841181e+01
   4 1.1179718787e+00  -1.35e-03  9.64e-03    1.430734e+01  -2.925131e+01

After 4 iterations the fit converged.
final sum of squares of residuals : 1.11797
rel. change during last iteration : -1.34811e-08

degrees of freedom    (FIT_NDF)                        : 999
rms of residuals      (FIT_STDFIT) = sqrt(WSSR/ndf)    : 0.0334528
variance of residuals (reduced chisquare) = WSSR/ndf   : 0.00111909

Final set of parameters            Asymptotic Standard Error
=======================            ==========================
a               = 14.3073          +/- 0.003659     (0.02557%)
b               = -29.2513         +/- 0.03478      (0.1189%)

correlation matrix of the fit parameters:
                a      b      
a               1.000 
b              -1.000  1.000 
